[11:48:45] [main/INFO]: Environment: authHost='https://authserver.mojang.com', accountsHost='https://api.mojang.com', sessionHost='https://sessionserver.mojang.com', servicesHost='https://api.minecraftservices.com', name='PROD'
[11:48:46] [main/WARN]: Ambiguity between arguments [teleport, destination] and [teleport, targets] with inputs: [Player, 0123, @e, dd12be42-52a9-4a91-a8a1-11c01849e498]
[11:48:46] [main/WARN]: Ambiguity between arguments [teleport, location] and [teleport, destination] with inputs: [0.1 -0.5 .9, 0 0 0]
[11:48:46] [main/WARN]: Ambiguity between arguments [teleport, location] and [teleport, targets] with inputs: [0.1 -0.5 .9, 0 0 0]
[11:48:46] [main/WARN]: Ambiguity between arguments [teleport, targets] and [teleport, destination] with inputs: [Player, 0123, dd12be42-52a9-4a91-a8a1-11c01849e498]
[11:48:46] [main/WARN]: Ambiguity between arguments [teleport, targets, location] and [teleport, targets, destination] with inputs: [0.1 -0.5 .9, 0 0 0]
[11:48:46] [main/INFO]: Reloading ResourceManager: Default
[11:48:47] [Worker-Main-13/INFO]: Loaded 7 recipes
[11:48:48] [Worker-Main-13/INFO]: Loaded 927 advancements
[11:48:50] [Server thread/INFO]: Starting minecraft server version 1.16.5
[11:48:50] [Server thread/INFO]: Loading properties
[11:48:50] [Server thread/INFO]: Default game type: SURVIVAL
[11:48:50] [Server thread/INFO]: Generating keypair
[11:48:50] [Server thread/INFO]: Starting Minecraft server on *:25565
[11:48:50] [Server thread/INFO]: Using default channel type
[11:48:51] [Server thread/INFO]: Preparing level "world"
[11:48:51] [Server thread/INFO]: Preparing start region for dimension minecraft:overworld
[11:48:54] [Server thread/INFO]: Preparing spawn area: 0%
[11:48:54] [Server thread/INFO]: Preparing spawn area: 0%
[11:48:54] [Server thread/INFO]: Preparing spawn area: 0%
[11:48:54] [Server thread/INFO]: Preparing spawn area: 0%
[11:48:54] [Server thread/INFO]: Preparing spawn area: 0%
[11:48:54] [Server thread/INFO]: Preparing spawn area: 0%
[11:48:54] [Server thread/INFO]: Preparing spawn area: 14%
[11:49:02] [Worker-Main-11/INFO]: Preparing spawn area: 83%
[11:49:02] [Worker-Main-8/INFO]: Preparing spawn area: 83%
[11:49:02] [Worker-Main-11/INFO]: Preparing spawn area: 83%
[11:49:02] [Worker-Main-8/INFO]: Preparing spawn area: 83%
[11:49:02] [Worker-Main-9/INFO]: Preparing spawn area: 83%
[11:49:02] [Worker-Main-12/INFO]: Preparing spawn area: 83%
[11:49:02] [Worker-Main-12/INFO]: Preparing spawn area: 83%
[11:49:02] [Worker-Main-8/INFO]: Preparing spawn area: 83%
[11:49:02] [Worker-Main-12/INFO]: Preparing spawn area: 83%
[11:49:02] [Worker-Main-11/INFO]: Preparing spawn area: 83%
[11:49:02] [Worker-Main-11/INFO]: Preparing spawn area: 83%
[11:49:02] [Worker-Main-10/INFO]: Preparing spawn area: 83%
[11:49:02] [Worker-Main-8/INFO]: Preparing spawn area: 83%
[11:49:02] [Worker-Main-9/INFO]: Preparing spawn area: 83%
[11:49:02] [Worker-Main-12/INFO]: Preparing spawn area: 83%
[11:49:02] [Worker-Main-8/INFO]: Preparing spawn area: 83%
[11:49:03] [Worker-Main-8/INFO]: Preparing spawn area: 83%
[11:49:03] [Worker-Main-13/INFO]: Preparing spawn area: 83%
[11:49:04] [Worker-Main-8/INFO]: Preparing spawn area: 83%
[11:49:04] [Worker-Main-14/INFO]: Preparing spawn area: 83%
[11:49:05] [Worker-Main-8/INFO]: Preparing spawn area: 83%
[11:49:05] [Worker-Main-13/INFO]: Preparing spawn area: 83%
[11:49:06] [Worker-Main-8/INFO]: Preparing spawn area: 84%
[11:49:06] [Worker-Main-14/INFO]: Preparing spawn area: 85%
[11:49:07] [Worker-Main-13/INFO]: Preparing spawn area: 87%
[11:49:07] [Worker-Main-12/INFO]: Preparing spawn area: 88%
[11:49:08] [Worker-Main-14/INFO]: Preparing spawn area: 89%
[11:49:08] [Server thread/INFO]: Preparing spawn area: 89%
[11:49:09] [Server thread/INFO]: Preparing spawn area: 98%
[11:49:09] [Server thread/INFO]: Time elapsed: 17578 ms
[11:49:09] [Server thread/INFO]: Done (17.764s)! For help, type "help"
[11:50:17] [Server thread/INFO]: Stopping the server
[11:50:18] [Server thread/INFO]: Stopping server
[11:50:18] [Server thread/INFO]: Saving players
[11:50:18] [Server thread/INFO]: Saving worlds
[11:50:18] [Server thread/INFO]: Saving chunks for level 'ServerLevel[world]'/minecraft:overworld
[11:50:19] [Server thread/INFO]: ThreadedAnvilChunkStorage (world): All chunks are saved
[11:50:19] [Server thread/INFO]: Saving chunks for level 'ServerLevel[world]'/minecraft:the_nether
[11:50:19] [Server thread/INFO]: ThreadedAnvilChunkStorage (DIM-1): All chunks are saved
[11:50:19] [Server thread/INFO]: Saving chunks for level 'ServerLevel[world]'/minecraft:the_end
[11:50:19] [Server thread/INFO]: ThreadedAnvilChunkStorage (DIM1): All chunks are saved
[11:50:20] [Server thread/INFO]: ThreadedAnvilChunkStorage (world): All chunks are saved
[11:50:20] [Server thread/INFO]: ThreadedAnvilChunkStorage (DIM-1): All chunks are saved
[11:50:20] [Server thread/INFO]: ThreadedAnvilChunkStorage (DIM1): All chunks are saved
